/mnt/home/tianyuez/landscape-v2/.venv/lib/python3.10/site-packages/torch/cuda/__init__.py:63: FutureWarning: The pynvml package is deprecated. Please install nvidia-ml-py instead. If you did not install pynvml directly, please report this to the maintainers of the package that installed pynvml for you.
  import pynvml  # type: ignore[import]
W1211 13:32:36.938000 1372006 torch/utils/cpp_extension.py:117] No CUDA runtime is found, using CUDA_HOME='/usr/local/cuda'
/mnt/home/tianyuez/landscape-v2/.venv/lib/python3.10/site-packages/gymnasium/envs/registration.py:788: UserWarning: [33mWARN: The environment is being initialised with render_mode='rgbarray' that is not in the possible render_modes (['human', 'rgb_array', 'depth_array']).[0m
  logger.warn(
/mnt/home/tianyuez/landscape-v2/.venv/lib/python3.10/site-packages/torch/cuda/__init__.py:63: FutureWarning: The pynvml package is deprecated. Please install nvidia-ml-py instead. If you did not install pynvml directly, please report this to the maintainers of the package that installed pynvml for you.
  import pynvml  # type: ignore[import]
W1211 13:35:38.728000 1372191 torch/utils/cpp_extension.py:117] No CUDA runtime is found, using CUDA_HOME='/usr/local/cuda'
/mnt/home/tianyuez/landscape-v2/.venv/lib/python3.10/site-packages/gymnasium/envs/registration.py:788: UserWarning: [33mWARN: The environment is being initialised with render_mode='rgbarray' that is not in the possible render_modes (['human', 'rgb_array', 'depth_array']).[0m
  logger.warn(
/mnt/home/tianyuez/landscape-v2/.venv/lib/python3.10/site-packages/torch/cuda/__init__.py:63: FutureWarning: The pynvml package is deprecated. Please install nvidia-ml-py instead. If you did not install pynvml directly, please report this to the maintainers of the package that installed pynvml for you.
  import pynvml  # type: ignore[import]
W1211 13:37:53.802000 1372333 torch/utils/cpp_extension.py:117] No CUDA runtime is found, using CUDA_HOME='/usr/local/cuda'
/mnt/home/tianyuez/landscape-v2/.venv/lib/python3.10/site-packages/gymnasium/envs/registration.py:788: UserWarning: [33mWARN: The environment is being initialised with render_mode='rgbarray' that is not in the possible render_modes (['human', 'rgb_array', 'depth_array']).[0m
  logger.warn(
/mnt/home/tianyuez/landscape-v2/.venv/lib/python3.10/site-packages/torch/cuda/__init__.py:63: FutureWarning: The pynvml package is deprecated. Please install nvidia-ml-py instead. If you did not install pynvml directly, please report this to the maintainers of the package that installed pynvml for you.
  import pynvml  # type: ignore[import]
W1211 13:40:20.431000 1372486 torch/utils/cpp_extension.py:117] No CUDA runtime is found, using CUDA_HOME='/usr/local/cuda'
/mnt/home/tianyuez/landscape-v2/.venv/lib/python3.10/site-packages/gymnasium/envs/registration.py:788: UserWarning: [33mWARN: The environment is being initialised with render_mode='rgbarray' that is not in the possible render_modes (['human', 'rgb_array', 'depth_array']).[0m
  logger.warn(
/mnt/home/tianyuez/landscape-v2/.venv/lib/python3.10/site-packages/torch/cuda/__init__.py:63: FutureWarning: The pynvml package is deprecated. Please install nvidia-ml-py instead. If you did not install pynvml directly, please report this to the maintainers of the package that installed pynvml for you.
  import pynvml  # type: ignore[import]
W1211 13:42:51.305000 1372637 torch/utils/cpp_extension.py:117] No CUDA runtime is found, using CUDA_HOME='/usr/local/cuda'
/mnt/home/tianyuez/landscape-v2/.venv/lib/python3.10/site-packages/gymnasium/envs/registration.py:788: UserWarning: [33mWARN: The environment is being initialised with render_mode='rgbarray' that is not in the possible render_modes (['human', 'rgb_array', 'depth_array']).[0m
  logger.warn(
/mnt/home/tianyuez/landscape-v2/.venv/lib/python3.10/site-packages/torch/cuda/__init__.py:63: FutureWarning: The pynvml package is deprecated. Please install nvidia-ml-py instead. If you did not install pynvml directly, please report this to the maintainers of the package that installed pynvml for you.
  import pynvml  # type: ignore[import]
W1211 13:44:35.729000 1372753 torch/utils/cpp_extension.py:117] No CUDA runtime is found, using CUDA_HOME='/usr/local/cuda'
/mnt/home/tianyuez/landscape-v2/.venv/lib/python3.10/site-packages/gymnasium/envs/registration.py:788: UserWarning: [33mWARN: The environment is being initialised with render_mode='rgbarray' that is not in the possible render_modes (['human', 'rgb_array', 'depth_array']).[0m
  logger.warn(
/mnt/home/tianyuez/landscape-v2/.venv/lib/python3.10/site-packages/torch/cuda/__init__.py:63: FutureWarning: The pynvml package is deprecated. Please install nvidia-ml-py instead. If you did not install pynvml directly, please report this to the maintainers of the package that installed pynvml for you.
  import pynvml  # type: ignore[import]
W1211 13:48:03.376000 1372947 torch/utils/cpp_extension.py:117] No CUDA runtime is found, using CUDA_HOME='/usr/local/cuda'
/mnt/home/tianyuez/landscape-v2/.venv/lib/python3.10/site-packages/gymnasium/envs/registration.py:788: UserWarning: [33mWARN: The environment is being initialised with render_mode='rgbarray' that is not in the possible render_modes (['human', 'rgb_array', 'depth_array']).[0m
  logger.warn(
/mnt/home/tianyuez/landscape-v2/.venv/lib/python3.10/site-packages/torch/cuda/__init__.py:63: FutureWarning: The pynvml package is deprecated. Please install nvidia-ml-py instead. If you did not install pynvml directly, please report this to the maintainers of the package that installed pynvml for you.
  import pynvml  # type: ignore[import]
W1211 13:50:46.700000 1373113 torch/utils/cpp_extension.py:117] No CUDA runtime is found, using CUDA_HOME='/usr/local/cuda'
/mnt/home/tianyuez/landscape-v2/.venv/lib/python3.10/site-packages/gymnasium/envs/registration.py:788: UserWarning: [33mWARN: The environment is being initialised with render_mode='rgbarray' that is not in the possible render_modes (['human', 'rgb_array', 'depth_array']).[0m
  logger.warn(
/mnt/home/tianyuez/landscape-v2/.venv/lib/python3.10/site-packages/torch/cuda/__init__.py:63: FutureWarning: The pynvml package is deprecated. Please install nvidia-ml-py instead. If you did not install pynvml directly, please report this to the maintainers of the package that installed pynvml for you.
  import pynvml  # type: ignore[import]
W1211 13:53:56.569000 1373288 torch/utils/cpp_extension.py:117] No CUDA runtime is found, using CUDA_HOME='/usr/local/cuda'
/mnt/home/tianyuez/landscape-v2/.venv/lib/python3.10/site-packages/gymnasium/envs/registration.py:788: UserWarning: [33mWARN: The environment is being initialised with render_mode='rgbarray' that is not in the possible render_modes (['human', 'rgb_array', 'depth_array']).[0m
  logger.warn(
/mnt/home/tianyuez/landscape-v2/.venv/lib/python3.10/site-packages/torch/cuda/__init__.py:63: FutureWarning: The pynvml package is deprecated. Please install nvidia-ml-py instead. If you did not install pynvml directly, please report this to the maintainers of the package that installed pynvml for you.
  import pynvml  # type: ignore[import]
W1211 13:55:49.021000 1373415 torch/utils/cpp_extension.py:117] No CUDA runtime is found, using CUDA_HOME='/usr/local/cuda'
/mnt/home/tianyuez/landscape-v2/.venv/lib/python3.10/site-packages/gymnasium/envs/registration.py:788: UserWarning: [33mWARN: The environment is being initialised with render_mode='rgbarray' that is not in the possible render_modes (['human', 'rgb_array', 'depth_array']).[0m
  logger.warn(
/mnt/home/tianyuez/landscape-v2/.venv/lib/python3.10/site-packages/torch/cuda/__init__.py:63: FutureWarning: The pynvml package is deprecated. Please install nvidia-ml-py instead. If you did not install pynvml directly, please report this to the maintainers of the package that installed pynvml for you.
  import pynvml  # type: ignore[import]
W1211 13:56:52.155000 1373500 torch/utils/cpp_extension.py:117] No CUDA runtime is found, using CUDA_HOME='/usr/local/cuda'
/mnt/home/tianyuez/landscape-v2/.venv/lib/python3.10/site-packages/gymnasium/envs/registration.py:788: UserWarning: [33mWARN: The environment is being initialised with render_mode='rgbarray' that is not in the possible render_modes (['human', 'rgb_array', 'depth_array']).[0m
  logger.warn(
/mnt/home/tianyuez/landscape-v2/.venv/lib/python3.10/site-packages/torch/cuda/__init__.py:63: FutureWarning: The pynvml package is deprecated. Please install nvidia-ml-py instead. If you did not install pynvml directly, please report this to the maintainers of the package that installed pynvml for you.
  import pynvml  # type: ignore[import]
W1211 13:57:52.968000 1373586 torch/utils/cpp_extension.py:117] No CUDA runtime is found, using CUDA_HOME='/usr/local/cuda'
/mnt/home/tianyuez/landscape-v2/.venv/lib/python3.10/site-packages/gymnasium/envs/registration.py:788: UserWarning: [33mWARN: The environment is being initialised with render_mode='rgbarray' that is not in the possible render_modes (['human', 'rgb_array', 'depth_array']).[0m
  logger.warn(
/mnt/home/tianyuez/landscape-v2/.venv/lib/python3.10/site-packages/torch/cuda/__init__.py:63: FutureWarning: The pynvml package is deprecated. Please install nvidia-ml-py instead. If you did not install pynvml directly, please report this to the maintainers of the package that installed pynvml for you.
  import pynvml  # type: ignore[import]
W1211 13:58:51.729000 1373671 torch/utils/cpp_extension.py:117] No CUDA runtime is found, using CUDA_HOME='/usr/local/cuda'
/mnt/home/tianyuez/landscape-v2/.venv/lib/python3.10/site-packages/gymnasium/envs/registration.py:788: UserWarning: [33mWARN: The environment is being initialised with render_mode='rgbarray' that is not in the possible render_modes (['human', 'rgb_array', 'depth_array']).[0m
  logger.warn(
/mnt/home/tianyuez/landscape-v2/.venv/lib/python3.10/site-packages/torch/cuda/__init__.py:63: FutureWarning: The pynvml package is deprecated. Please install nvidia-ml-py instead. If you did not install pynvml directly, please report this to the maintainers of the package that installed pynvml for you.
  import pynvml  # type: ignore[import]
W1211 13:59:52.491000 1373756 torch/utils/cpp_extension.py:117] No CUDA runtime is found, using CUDA_HOME='/usr/local/cuda'
/mnt/home/tianyuez/landscape-v2/.venv/lib/python3.10/site-packages/gymnasium/envs/registration.py:788: UserWarning: [33mWARN: The environment is being initialised with render_mode='rgbarray' that is not in the possible render_modes (['human', 'rgb_array', 'depth_array']).[0m
  logger.warn(
/mnt/home/tianyuez/landscape-v2/.venv/lib/python3.10/site-packages/torch/cuda/__init__.py:63: FutureWarning: The pynvml package is deprecated. Please install nvidia-ml-py instead. If you did not install pynvml directly, please report this to the maintainers of the package that installed pynvml for you.
  import pynvml  # type: ignore[import]
W1211 14:02:19.412000 1373912 torch/utils/cpp_extension.py:117] No CUDA runtime is found, using CUDA_HOME='/usr/local/cuda'
/mnt/home/tianyuez/landscape-v2/.venv/lib/python3.10/site-packages/gymnasium/envs/registration.py:788: UserWarning: [33mWARN: The environment is being initialised with render_mode='rgbarray' that is not in the possible render_modes (['human', 'rgb_array', 'depth_array']).[0m
  logger.warn(
/mnt/home/tianyuez/landscape-v2/.venv/lib/python3.10/site-packages/torch/cuda/__init__.py:63: FutureWarning: The pynvml package is deprecated. Please install nvidia-ml-py instead. If you did not install pynvml directly, please report this to the maintainers of the package that installed pynvml for you.
  import pynvml  # type: ignore[import]
W1211 14:03:53.404000 1374027 torch/utils/cpp_extension.py:117] No CUDA runtime is found, using CUDA_HOME='/usr/local/cuda'
/mnt/home/tianyuez/landscape-v2/.venv/lib/python3.10/site-packages/gymnasium/envs/registration.py:788: UserWarning: [33mWARN: The environment is being initialised with render_mode='rgbarray' that is not in the possible render_modes (['human', 'rgb_array', 'depth_array']).[0m
  logger.warn(
