━━━━━━━━━━━━━━━━━━━━━━━━━━━━━━━━━━━━━━━━━━━━━━━━━━━━━━━━━━━━━━━━━━━━━━━━━━━━━━
任务信息：
  Array Task ID: 14
  随机种子: 14
  Case ID: 3
  总训练步数: 50000
  节点: node14
  时间: Fri Feb  6 11:12:49 EST 2026
━━━━━━━━━━━━━━━━━━━━━━━━━━━━━━━━━━━━━━━━━━━━━━━━━━━━━━━━━━━━━━━━━━━━━━━━━━━━━━

Case ID: 3, 随机种子: 14, 总训练步数: 50000
观察维度: 2, 动作维度: 4
开始训练...
开始训练，总共 195 个 rollouts，50000 个 steps...
Steps: 256/50000 | Rollout: 0/195 | Mean Return: 6.15 ± 3.33 | Range: [-0.50, 7.95] | Episodes: 10
Steps: 2816/50000 | Rollout: 10/195 | Mean Return: 7.20 ± 2.47 | Range: [-0.50, 9.89] | Episodes: 100
Steps: 5376/50000 | Rollout: 20/195 | Mean Return: 7.63 ± 1.43 | Range: [-0.50, 7.95] | Episodes: 100
Steps: 7936/50000 | Rollout: 30/195 | Mean Return: 7.66 ± 1.45 | Range: [-0.50, 9.94] | Episodes: 100
Steps: 10496/50000 | Rollout: 40/195 | Mean Return: 7.74 ± 1.53 | Range: [-0.50, 9.94] | Episodes: 100
Steps: 13056/50000 | Rollout: 50/195 | Mean Return: 7.86 ± 0.09 | Range: [7.50, 7.95] | Episodes: 100
Steps: 15616/50000 | Rollout: 60/195 | Mean Return: 7.83 ± 0.86 | Range: [-0.50, 9.91] | Episodes: 100
Steps: 18176/50000 | Rollout: 70/195 | Mean Return: 7.75 ± 1.20 | Range: [-0.50, 9.93] | Episodes: 100
Steps: 20736/50000 | Rollout: 80/195 | Mean Return: 7.92 ± 0.21 | Range: [7.58, 9.87] | Episodes: 100
Steps: 23296/50000 | Rollout: 90/195 | Mean Return: 7.84 ± 0.86 | Range: [-0.50, 9.85] | Episodes: 100
Steps: 25856/50000 | Rollout: 100/195 | Mean Return: 7.92 ± 0.04 | Range: [7.65, 7.95] | Episodes: 100
Steps: 28416/50000 | Rollout: 110/195 | Mean Return: 7.92 ± 0.04 | Range: [7.70, 7.95] | Episodes: 100
Steps: 30976/50000 | Rollout: 120/195 | Mean Return: 7.92 ± 0.04 | Range: [7.66, 7.95] | Episodes: 100
Steps: 33536/50000 | Rollout: 130/195 | Mean Return: 7.92 ± 0.04 | Range: [7.74, 7.95] | Episodes: 100
Steps: 36096/50000 | Rollout: 140/195 | Mean Return: 7.92 ± 0.04 | Range: [7.77, 7.95] | Episodes: 100
Steps: 38656/50000 | Rollout: 150/195 | Mean Return: 7.92 ± 0.03 | Range: [7.79, 7.95] | Episodes: 100
Steps: 41216/50000 | Rollout: 160/195 | Mean Return: 7.92 ± 0.04 | Range: [7.74, 7.95] | Episodes: 100
Steps: 43776/50000 | Rollout: 170/195 | Mean Return: 7.93 ± 0.03 | Range: [7.76, 7.95] | Episodes: 100
Steps: 46336/50000 | Rollout: 180/195 | Mean Return: 7.93 ± 0.03 | Range: [7.78, 7.95] | Episodes: 100
Steps: 48896/50000 | Rollout: 190/195 | Mean Return: 7.94 ± 0.01 | Range: [7.90, 7.95] | Episodes: 100

模型已保存到: models/gridworld_ppo_case_3_seed_14.pt

评估结果:
平均回报: 7.95 ± 0.00
平均步数: 5.0

示例轨迹:
Step 4: event=candy_terminal, reward=7.99, pos=(7, 5)
结束: Step 4, final_reward=7.99

━━━━━━━━━━━━━━━━━━━━━━━━━━━━━━━━━━━━━━━━━━━━━━━━━━━━━━━━━━━━━━━━━━━━━━━━━━━━━━
训练完成！
  随机种子: 14
  完成时间: Fri Feb  6 11:14:33 EST 2026
━━━━━━━━━━━━━━━━━━━━━━━━━━━━━━━━━━━━━━━━━━━━━━━━━━━━━━━━━━━━━━━━━━━━━━━━━━━━━━
