━━━━━━━━━━━━━━━━━━━━━━━━━━━━━━━━━━━━━━━━━━━━━━━━━━━━━━━━━━━━━━━━━━━━━━━━━━━━━━
任务信息：
  Array Task ID: 1
  随机种子: 1
  Case ID: 3
  总训练步数: 50000
  节点: node14
  时间: Fri Feb  6 11:12:49 EST 2026
━━━━━━━━━━━━━━━━━━━━━━━━━━━━━━━━━━━━━━━━━━━━━━━━━━━━━━━━━━━━━━━━━━━━━━━━━━━━━━

Case ID: 3, 随机种子: 1, 总训练步数: 50000
观察维度: 2, 动作维度: 4
开始训练...
开始训练，总共 195 个 rollouts，50000 个 steps...
Steps: 256/50000 | Rollout: 0/195 | Mean Return: 5.70 ± 3.58 | Range: [-0.50, 7.85] | Episodes: 8
Steps: 2816/50000 | Rollout: 10/195 | Mean Return: 7.42 ± 2.02 | Range: [-0.50, 9.89] | Episodes: 100
Steps: 5376/50000 | Rollout: 20/195 | Mean Return: 7.66 ± 1.47 | Range: [-0.50, 9.92] | Episodes: 100
Steps: 7936/50000 | Rollout: 30/195 | Mean Return: 7.52 ± 1.64 | Range: [-0.50, 7.95] | Episodes: 100
Steps: 10496/50000 | Rollout: 40/195 | Mean Return: 7.52 ± 1.64 | Range: [-0.50, 7.95] | Episodes: 100
Steps: 13056/50000 | Rollout: 50/195 | Mean Return: 7.61 ± 1.43 | Range: [-0.50, 7.95] | Episodes: 100
Steps: 15616/50000 | Rollout: 60/195 | Mean Return: 7.56 ± 1.65 | Range: [-0.50, 7.95] | Episodes: 100
Steps: 18176/50000 | Rollout: 70/195 | Mean Return: 7.81 ± 0.84 | Range: [-0.50, 7.95] | Episodes: 100
Steps: 20736/50000 | Rollout: 80/195 | Mean Return: 7.64 ± 1.43 | Range: [-0.50, 7.95] | Episodes: 100
Steps: 23296/50000 | Rollout: 90/195 | Mean Return: 7.83 ± 0.86 | Range: [-0.50, 9.89] | Episodes: 100
Steps: 25856/50000 | Rollout: 100/195 | Mean Return: 7.89 ± 0.07 | Range: [7.60, 7.95] | Episodes: 100
Steps: 28416/50000 | Rollout: 110/195 | Mean Return: 7.89 ± 0.08 | Range: [7.54, 7.95] | Episodes: 100
Steps: 30976/50000 | Rollout: 120/195 | Mean Return: 7.91 ± 0.04 | Range: [7.75, 7.95] | Episodes: 100
Steps: 33536/50000 | Rollout: 130/195 | Mean Return: 7.93 ± 0.20 | Range: [7.61, 9.86] | Episodes: 100
Steps: 36096/50000 | Rollout: 140/195 | Mean Return: 7.92 ± 0.04 | Range: [7.75, 7.95] | Episodes: 100
Steps: 38656/50000 | Rollout: 150/195 | Mean Return: 7.92 ± 0.04 | Range: [7.78, 7.95] | Episodes: 100
Steps: 41216/50000 | Rollout: 160/195 | Mean Return: 7.92 ± 0.04 | Range: [7.73, 7.95] | Episodes: 100
Steps: 43776/50000 | Rollout: 170/195 | Mean Return: 7.93 ± 0.03 | Range: [7.86, 7.95] | Episodes: 100
Steps: 46336/50000 | Rollout: 180/195 | Mean Return: 7.93 ± 0.02 | Range: [7.81, 7.95] | Episodes: 100
Steps: 48896/50000 | Rollout: 190/195 | Mean Return: 7.94 ± 0.02 | Range: [7.84, 7.95] | Episodes: 100

模型已保存到: models/gridworld_ppo_case_3_seed_1.pt

评估结果:
平均回报: -0.50 ± 0.00
平均步数: 50.0

示例轨迹:
Step 49: event=timeout, reward=-0.01, pos=(7, 6)
结束: Step 49, final_reward=-0.01

━━━━━━━━━━━━━━━━━━━━━━━━━━━━━━━━━━━━━━━━━━━━━━━━━━━━━━━━━━━━━━━━━━━━━━━━━━━━━━
训练完成！
  随机种子: 1
  完成时间: Fri Feb  6 11:14:47 EST 2026
━━━━━━━━━━━━━━━━━━━━━━━━━━━━━━━━━━━━━━━━━━━━━━━━━━━━━━━━━━━━━━━━━━━━━━━━━━━━━━
