━━━━━━━━━━━━━━━━━━━━━━━━━━━━━━━━━━━━━━━━━━━━━━━━━━━━━━━━━━━━━━━━━━━━━━━━━━━━━━
任务信息：
  Array Task ID: 17
  随机种子: 17
  Case ID: 3
  总训练步数: 50000
  节点: node15
  时间: Fri Feb  6 11:12:49 EST 2026
━━━━━━━━━━━━━━━━━━━━━━━━━━━━━━━━━━━━━━━━━━━━━━━━━━━━━━━━━━━━━━━━━━━━━━━━━━━━━━

Case ID: 3, 随机种子: 17, 总训练步数: 50000
观察维度: 2, 动作维度: 4
开始训练...
开始训练，总共 195 个 rollouts，50000 个 steps...
Steps: 256/50000 | Rollout: 0/195 | Mean Return: 7.98 ± 0.58 | Range: [7.65, 9.78] | Episodes: 11
Steps: 2816/50000 | Rollout: 10/195 | Mean Return: 7.11 ± 3.55 | Range: [-0.50, 9.90] | Episodes: 100
Steps: 5376/50000 | Rollout: 20/195 | Mean Return: 7.92 ± 3.85 | Range: [-0.50, 9.94] | Episodes: 100
Steps: 7936/50000 | Rollout: 30/195 | Mean Return: 8.67 ± 2.80 | Range: [-0.50, 9.94] | Episodes: 100
Steps: 10496/50000 | Rollout: 40/195 | Mean Return: 8.39 ± 2.92 | Range: [-0.50, 9.94] | Episodes: 100
Steps: 13056/50000 | Rollout: 50/195 | Mean Return: 8.76 ± 2.28 | Range: [-0.50, 9.94] | Episodes: 100
Steps: 15616/50000 | Rollout: 60/195 | Mean Return: 7.93 ± 2.80 | Range: [-0.50, 9.88] | Episodes: 100
Steps: 18176/50000 | Rollout: 70/195 | Mean Return: 8.03 ± 3.11 | Range: [-0.50, 9.94] | Episodes: 100
Steps: 20736/50000 | Rollout: 80/195 | Mean Return: 7.59 ± 3.75 | Range: [-0.50, 9.94] | Episodes: 100
Steps: 23296/50000 | Rollout: 90/195 | Mean Return: 8.52 ± 2.93 | Range: [-0.50, 9.94] | Episodes: 100
Steps: 25856/50000 | Rollout: 100/195 | Mean Return: 8.59 ± 2.45 | Range: [-0.50, 9.94] | Episodes: 100
Steps: 28416/50000 | Rollout: 110/195 | Mean Return: 8.91 ± 1.86 | Range: [-0.50, 9.94] | Episodes: 100
Steps: 30976/50000 | Rollout: 120/195 | Mean Return: 8.73 ± 2.47 | Range: [-0.50, 9.94] | Episodes: 100
Steps: 33536/50000 | Rollout: 130/195 | Mean Return: 8.65 ± 2.79 | Range: [-0.50, 9.94] | Episodes: 100
Steps: 36096/50000 | Rollout: 140/195 | Mean Return: 9.06 ± 1.86 | Range: [-0.50, 9.94] | Episodes: 100
Steps: 38656/50000 | Rollout: 150/195 | Mean Return: 8.87 ± 2.64 | Range: [-0.50, 9.94] | Episodes: 100
Steps: 41216/50000 | Rollout: 160/195 | Mean Return: 9.13 ± 1.85 | Range: [-0.50, 9.94] | Episodes: 100
Steps: 43776/50000 | Rollout: 170/195 | Mean Return: 8.94 ± 2.48 | Range: [-0.50, 9.94] | Episodes: 100
Steps: 46336/50000 | Rollout: 180/195 | Mean Return: 8.79 ± 2.08 | Range: [-0.50, 9.92] | Episodes: 100
Steps: 48896/50000 | Rollout: 190/195 | Mean Return: 9.30 ± 2.05 | Range: [-0.50, 9.94] | Episodes: 100

模型已保存到: models/gridworld_ppo_case_3_seed_17.pt

评估结果:
平均回报: 9.94 ± 0.00
平均步数: 6.0

示例轨迹:
Step 5: event=goal, reward=9.99, pos=(4, 1)
结束: Step 5, final_reward=9.99

━━━━━━━━━━━━━━━━━━━━━━━━━━━━━━━━━━━━━━━━━━━━━━━━━━━━━━━━━━━━━━━━━━━━━━━━━━━━━━
训练完成！
  随机种子: 17
  完成时间: Fri Feb  6 11:14:02 EST 2026
━━━━━━━━━━━━━━━━━━━━━━━━━━━━━━━━━━━━━━━━━━━━━━━━━━━━━━━━━━━━━━━━━━━━━━━━━━━━━━
