━━━━━━━━━━━━━━━━━━━━━━━━━━━━━━━━━━━━━━━━━━━━━━━━━━━━━━━━━━━━━━━━━━━━━━━━━━━━━━
任务信息：
  Array Task ID: 10
  随机种子: 10
  Case ID: 3
  总训练步数: 50000
  节点: node14
  时间: Fri Feb  6 11:12:49 EST 2026
━━━━━━━━━━━━━━━━━━━━━━━━━━━━━━━━━━━━━━━━━━━━━━━━━━━━━━━━━━━━━━━━━━━━━━━━━━━━━━

Case ID: 3, 随机种子: 10, 总训练步数: 50000
观察维度: 2, 动作维度: 4
开始训练...
开始训练，总共 195 个 rollouts，50000 个 steps...
Steps: 256/50000 | Rollout: 0/195 | Mean Return: 5.39 ± 3.73 | Range: [-0.50, 7.95] | Episodes: 7
Steps: 2816/50000 | Rollout: 10/195 | Mean Return: 7.42 ± 3.32 | Range: [-0.50, 9.93] | Episodes: 100
Steps: 5376/50000 | Rollout: 20/195 | Mean Return: 7.67 ± 2.70 | Range: [-0.50, 9.92] | Episodes: 100
Steps: 7936/50000 | Rollout: 30/195 | Mean Return: 7.49 ± 2.27 | Range: [-0.50, 9.92] | Episodes: 100
Steps: 10496/50000 | Rollout: 40/195 | Mean Return: 7.15 ± 3.31 | Range: [-0.50, 9.86] | Episodes: 100
Steps: 13056/50000 | Rollout: 50/195 | Mean Return: 8.46 ± 2.04 | Range: [-0.50, 9.92] | Episodes: 100
Steps: 15616/50000 | Rollout: 60/195 | Mean Return: 7.61 ± 2.67 | Range: [-0.50, 9.90] | Episodes: 100
Steps: 18176/50000 | Rollout: 70/195 | Mean Return: 8.33 ± 2.01 | Range: [-0.50, 9.92] | Episodes: 100
Steps: 20736/50000 | Rollout: 80/195 | Mean Return: 8.28 ± 2.57 | Range: [-0.50, 9.94] | Episodes: 100
Steps: 23296/50000 | Rollout: 90/195 | Mean Return: 7.99 ± 3.63 | Range: [-0.50, 9.94] | Episodes: 100
Steps: 25856/50000 | Rollout: 100/195 | Mean Return: 8.85 ± 2.97 | Range: [-0.50, 9.94] | Episodes: 100
Steps: 28416/50000 | Rollout: 110/195 | Mean Return: 8.70 ± 3.10 | Range: [-0.50, 9.94] | Episodes: 100
Steps: 30976/50000 | Rollout: 120/195 | Mean Return: 8.32 ± 3.58 | Range: [-0.50, 9.94] | Episodes: 100
Steps: 33536/50000 | Rollout: 130/195 | Mean Return: 9.16 ± 2.65 | Range: [-0.50, 9.94] | Episodes: 100
Steps: 36096/50000 | Rollout: 140/195 | Mean Return: 8.92 ± 2.97 | Range: [-0.50, 9.94] | Episodes: 100
Steps: 38656/50000 | Rollout: 150/195 | Mean Return: 9.17 ± 2.65 | Range: [-0.50, 9.94] | Episodes: 100
Steps: 41216/50000 | Rollout: 160/195 | Mean Return: 9.51 ± 2.04 | Range: [-0.50, 9.94] | Episodes: 100
Steps: 43776/50000 | Rollout: 170/195 | Mean Return: 9.83 ± 1.04 | Range: [-0.50, 9.94] | Episodes: 100
Steps: 46336/50000 | Rollout: 180/195 | Mean Return: 9.84 ± 1.04 | Range: [-0.50, 9.94] | Episodes: 100
Steps: 48896/50000 | Rollout: 190/195 | Mean Return: 9.52 ± 2.05 | Range: [-0.50, 9.94] | Episodes: 100

模型已保存到: models/gridworld_ppo_case_3_seed_10.pt

评估结果:
平均回报: 9.94 ± 0.00
平均步数: 6.0

示例轨迹:
Step 5: event=goal, reward=9.99, pos=(4, 1)
结束: Step 5, final_reward=9.99

━━━━━━━━━━━━━━━━━━━━━━━━━━━━━━━━━━━━━━━━━━━━━━━━━━━━━━━━━━━━━━━━━━━━━━━━━━━━━━
训练完成！
  随机种子: 10
  完成时间: Fri Feb  6 11:14:33 EST 2026
━━━━━━━━━━━━━━━━━━━━━━━━━━━━━━━━━━━━━━━━━━━━━━━━━━━━━━━━━━━━━━━━━━━━━━━━━━━━━━
