━━━━━━━━━━━━━━━━━━━━━━━━━━━━━━━━━━━━━━━━━━━━━━━━━━━━━━━━━━━━━━━━━━━━━━━━━━━━━━
任务信息：
  Array Task ID: 6
  随机种子: 6
  Case ID: 3
  总训练步数: 50000
  节点: node14
  时间: Fri Feb  6 11:12:49 EST 2026
━━━━━━━━━━━━━━━━━━━━━━━━━━━━━━━━━━━━━━━━━━━━━━━━━━━━━━━━━━━━━━━━━━━━━━━━━━━━━━

Case ID: 3, 随机种子: 6, 总训练步数: 50000
观察维度: 2, 动作维度: 4
开始训练...
开始训练，总共 195 个 rollouts，50000 个 steps...
Steps: 256/50000 | Rollout: 0/195 | Mean Return: 5.71 ± 3.59 | Range: [-0.50, 7.94] | Episodes: 8
Steps: 2816/50000 | Rollout: 10/195 | Mean Return: 7.06 ± 3.00 | Range: [-0.50, 9.90] | Episodes: 100
Steps: 5376/50000 | Rollout: 20/195 | Mean Return: 7.48 ± 1.84 | Range: [-0.50, 9.82] | Episodes: 100
Steps: 7936/50000 | Rollout: 30/195 | Mean Return: 7.55 ± 1.66 | Range: [-0.50, 9.73] | Episodes: 100
Steps: 10496/50000 | Rollout: 40/195 | Mean Return: 7.72 ± 1.49 | Range: [-0.50, 9.79] | Episodes: 100
Steps: 13056/50000 | Rollout: 50/195 | Mean Return: 7.68 ± 1.47 | Range: [-0.50, 9.74] | Episodes: 100
Steps: 15616/50000 | Rollout: 60/195 | Mean Return: 7.64 ± 1.94 | Range: [-0.50, 9.90] | Episodes: 100
Steps: 18176/50000 | Rollout: 70/195 | Mean Return: 8.77 ± 1.62 | Range: [-0.50, 9.94] | Episodes: 100
Steps: 20736/50000 | Rollout: 80/195 | Mean Return: 9.22 ± 0.89 | Range: [7.82, 9.94] | Episodes: 100
Steps: 23296/50000 | Rollout: 90/195 | Mean Return: 8.97 ± 2.11 | Range: [-0.50, 9.94] | Episodes: 100
Steps: 25856/50000 | Rollout: 100/195 | Mean Return: 9.58 ± 0.67 | Range: [7.89, 9.94] | Episodes: 100
Steps: 28416/50000 | Rollout: 110/195 | Mean Return: 9.68 ± 1.46 | Range: [-0.50, 9.94] | Episodes: 100
Steps: 30976/50000 | Rollout: 120/195 | Mean Return: 9.46 ± 1.82 | Range: [-0.50, 9.94] | Episodes: 100
Steps: 33536/50000 | Rollout: 130/195 | Mean Return: 9.76 ± 1.07 | Range: [-0.50, 9.94] | Episodes: 100
Steps: 36096/50000 | Rollout: 140/195 | Mean Return: 8.88 ± 3.13 | Range: [-0.50, 9.94] | Episodes: 100
Steps: 38656/50000 | Rollout: 150/195 | Mean Return: 9.94 ± 0.02 | Range: [9.74, 9.94] | Episodes: 100
Steps: 41216/50000 | Rollout: 160/195 | Mean Return: 9.73 ± 1.46 | Range: [-0.50, 9.94] | Episodes: 100
Steps: 43776/50000 | Rollout: 170/195 | Mean Return: 9.83 ± 1.04 | Range: [-0.50, 9.94] | Episodes: 100
Steps: 46336/50000 | Rollout: 180/195 | Mean Return: 9.94 ± 0.00 | Range: [9.91, 9.94] | Episodes: 100
Steps: 48896/50000 | Rollout: 190/195 | Mean Return: 9.94 ± 0.00 | Range: [9.89, 9.94] | Episodes: 100

模型已保存到: models/gridworld_ppo_case_3_seed_6.pt

评估结果:
平均回报: 9.94 ± 0.00
平均步数: 6.0

示例轨迹:
Step 5: event=goal, reward=9.99, pos=(4, 1)
结束: Step 5, final_reward=9.99

━━━━━━━━━━━━━━━━━━━━━━━━━━━━━━━━━━━━━━━━━━━━━━━━━━━━━━━━━━━━━━━━━━━━━━━━━━━━━━
训练完成！
  随机种子: 6
  完成时间: Fri Feb  6 11:14:44 EST 2026
━━━━━━━━━━━━━━━━━━━━━━━━━━━━━━━━━━━━━━━━━━━━━━━━━━━━━━━━━━━━━━━━━━━━━━━━━━━━━━
